<?xml version="1.0" encoding="UTF-8"?>
<!-- Generated by org.testng.reporters.JUnitReportReporter -->
<testsuite skipped="0" hostname="sivanage-MOBL1" name="listenerPackage.TestAnnotationClass" tests="1" failures="0" timestamp="27 Jul 2021 06:00:46 GMT" time="0.009" errors="0">
  <testcase name="testMethod1" time="0.009" classname="listenerPackage.TestAnnotationClass"/>
</testsuite> <!-- listenerPackage.TestAnnotationClass -->
